<?xml version="1.0" encoding="UTF-8"?>
<!-- Generated by org.testng.reporters.JUnitXMLReporter -->
<testsuite ignored="0" hostname="LAPTOP-ITG5HSF2" failures="0" tests="3" name="Surefire test" time="25.514" errors="0" timestamp="2024-09-01T00:00:32 IST">
  <testcase classname="rahulshettyacademy.tests.StandAloneTest" name="submitOrder" time="7.43"/>
  <testcase classname="rahulshettyacademy.tests.StandAloneTest" name="submitOrder" time="7.642"/>
  <testcase classname="rahulshettyacademy.tests.StandAloneTest" name="OrderHistoryTest" time="1.184"/>
</testsuite> <!-- Surefire test -->
