<?xml version="1.0" encoding="UTF-8"?>
<!-- Generated by org.testng.reporters.JUnitXMLReporter -->
<testsuite ignored="1" hostname="LAPTOP-ITG5HSF2" failures="0" tests="2" name="Test" time="0.353" errors="0" timestamp="2024-09-07T18:21:20 IST">
  <testcase classname="rahulshettyacademy.tests.StandAloneTest" name="submitOrder" time="0.0">
    <skipped/>
  </testcase> <!-- submitOrder -->
  <testcase classname="rahulshettyacademy.tests.StandAloneTest" name="submitOrder" time="0.0">
    <skipped/>
  </testcase> <!-- submitOrder -->
  <testcase classname="rahulshettyacademy.tests.StandAloneTest" name="OrderHistoryTest" time="0.0">
    <ignored/>
  </testcase> <!-- OrderHistoryTest -->
</testsuite> <!-- Test -->
